<?xml version="1.0" encoding="UTF-8"?>
<testng-results total="5" passed="5" failed="0" skipped="0">
  <reporter-output>
  </reporter-output>
  <suite started-at="2022-03-04T11:19:23Z" name="Default suite" finished-at="2022-03-04T11:21:47Z" duration-ms="143432">
    <groups>
    </groups>
    <test started-at="2022-03-04T11:19:23Z" name="Default test" finished-at="2022-03-04T11:21:47Z" duration-ms="143432">
      <class name="tracking.detail.SavePDF">
        <test-method is-config="true" signature="lunchBrowser()[pri:0, instance:tracking.detail.SavePDF@4f80542f]" started-at="2022-03-04T16:49:23Z" name="lunchBrowser" finished-at="2022-03-04T16:49:24Z" duration-ms="982" status="PASS">
          <reporter-output>
          </reporter-output>
        </test-method> <!-- lunchBrowser -->
        <test-method signature="savePDF()[pri:0, instance:tracking.detail.SavePDF@4f80542f]" started-at="2022-03-04T16:49:24Z" name="savePDF" finished-at="2022-03-04T16:49:54Z" duration-ms="29988" status="PASS">
          <reporter-output>
          </reporter-output>
        </test-method> <!-- savePDF -->
        <test-method signature="savePDF()[pri:0, instance:tracking.detail.SavePDF@4f80542f]" started-at="2022-03-04T16:49:54Z" name="savePDF" finished-at="2022-03-04T16:50:23Z" duration-ms="28654" status="PASS">
          <reporter-output>
          </reporter-output>
        </test-method> <!-- savePDF -->
        <test-method signature="savePDF()[pri:0, instance:tracking.detail.SavePDF@4f80542f]" started-at="2022-03-04T16:50:23Z" name="savePDF" finished-at="2022-03-04T16:50:51Z" duration-ms="28140" status="PASS">
          <reporter-output>
          </reporter-output>
        </test-method> <!-- savePDF -->
        <test-method signature="savePDF()[pri:0, instance:tracking.detail.SavePDF@4f80542f]" started-at="2022-03-04T16:50:51Z" name="savePDF" finished-at="2022-03-04T16:51:19Z" duration-ms="28301" status="PASS">
          <reporter-output>
          </reporter-output>
        </test-method> <!-- savePDF -->
        <test-method signature="savePDF()[pri:0, instance:tracking.detail.SavePDF@4f80542f]" started-at="2022-03-04T16:51:19Z" name="savePDF" finished-at="2022-03-04T16:51:47Z" duration-ms="27348" status="PASS">
          <reporter-output>
          </reporter-output>
        </test-method> <!-- savePDF -->
      </class> <!-- tracking.detail.SavePDF -->
    </test> <!-- Default test -->
  </suite> <!-- Default suite -->
</testng-results>
